------------------------------------------------------------
Server listening on UDP port 7044
Receiving 1470 byte datagrams
UDP buffer size:  208 KByte (default)
------------------------------------------------------------
[  3] local 10.0.0.5 port 7044 connected with 10.0.0.2 port 38734
[ ID] Interval       Transfer     Bandwidth        Jitter   Lost/Total Datagrams
[  3]  0.0- 1.0 sec  34.5 KBytes   282 Kbits/sec   0.025 ms    0/   24 (0%)
[  3]  1.0- 2.0 sec  34.5 KBytes   282 Kbits/sec   0.021 ms    0/   24 (0%)
[  3]  2.0- 3.0 sec  35.9 KBytes   294 Kbits/sec   0.037 ms    0/   25 (0%)
[  3]  3.0- 4.0 sec  34.5 KBytes   282 Kbits/sec   0.040 ms    0/   24 (0%)
[  3]  4.0- 5.0 sec  35.9 KBytes   294 Kbits/sec   0.065 ms    0/   25 (0%)
[  3]  5.0- 6.0 sec  34.5 KBytes   282 Kbits/sec   0.031 ms    0/   24 (0%)
[  3]  6.0- 7.0 sec  35.9 KBytes   294 Kbits/sec   0.025 ms    0/   25 (0%)
[  3]  7.0- 8.0 sec  34.5 KBytes   282 Kbits/sec   0.012 ms    0/   24 (0%)
[  3]  8.0- 9.0 sec  35.9 KBytes   294 Kbits/sec   0.023 ms    0/   25 (0%)
[  3]  9.0-10.0 sec  34.5 KBytes   282 Kbits/sec   0.024 ms    0/   24 (0%)
[  3] 10.0-11.0 sec  35.9 KBytes   294 Kbits/sec   0.020 ms    0/   25 (0%)
[  3] 11.0-12.0 sec  34.5 KBytes   282 Kbits/sec   0.018 ms    0/   24 (0%)
[  3] 12.0-13.0 sec  35.9 KBytes   294 Kbits/sec   0.029 ms    0/   25 (0%)
[  3] 13.0-14.0 sec  34.5 KBytes   282 Kbits/sec   0.022 ms    0/   24 (0%)
[  3] 14.0-15.0 sec  35.9 KBytes   294 Kbits/sec   0.019 ms    0/   25 (0%)
[  3] 15.0-16.0 sec  34.5 KBytes   282 Kbits/sec   0.022 ms    0/   24 (0%)
[  3] 16.0-17.0 sec  35.9 KBytes   294 Kbits/sec   0.014 ms    0/   25 (0%)
[  3] 17.0-18.0 sec  34.5 KBytes   282 Kbits/sec   0.026 ms    0/   24 (0%)
[  3] 18.0-19.0 sec  35.9 KBytes   294 Kbits/sec   0.024 ms    0/   25 (0%)
[  3] 19.0-20.0 sec  34.5 KBytes   282 Kbits/sec   0.021 ms    0/   24 (0%)
[  3]  0.0-20.0 sec   705 KBytes   288 Kbits/sec   0.022 ms    0/  491 (0%)
