------------------------------------------------------------
Server listening on UDP port 7114
Receiving 1470 byte datagrams
UDP buffer size:  208 KByte (default)
------------------------------------------------------------
[  3] local 10.0.0.3 port 7114 connected with 10.0.0.8 port 39838
[ ID] Interval       Transfer     Bandwidth        Jitter   Lost/Total Datagrams
[  3]  0.0- 1.0 sec  12.9 KBytes   106 Kbits/sec   0.030 ms    0/    9 (0%)
[  3]  1.0- 2.0 sec  12.9 KBytes   106 Kbits/sec   1.057 ms    0/    9 (0%)
[  3]  2.0- 3.0 sec  12.9 KBytes   106 Kbits/sec   2.137 ms    0/    9 (0%)
[  3]  3.0- 4.0 sec  14.4 KBytes   118 Kbits/sec   3.581 ms    0/   10 (0%)
[  3]  4.0- 5.0 sec  12.9 KBytes   106 Kbits/sec   2.031 ms    0/    9 (0%)
[  3]  5.0- 6.0 sec  12.9 KBytes   106 Kbits/sec   3.986 ms    0/    9 (0%)
[  3]  6.0- 7.0 sec  12.9 KBytes   106 Kbits/sec   3.540 ms    0/    9 (0%)
[  3]  7.0- 8.0 sec  14.4 KBytes   118 Kbits/sec   3.222 ms    0/   10 (0%)
[  3]  8.0- 9.0 sec  12.9 KBytes   106 Kbits/sec   3.601 ms    0/    9 (0%)
[  3]  9.0-10.0 sec  12.9 KBytes   106 Kbits/sec   2.686 ms    0/    9 (0%)
[  3] 10.0-11.0 sec  12.9 KBytes   106 Kbits/sec   1.519 ms    0/    9 (0%)
[  3] 11.0-12.0 sec  14.4 KBytes   118 Kbits/sec   0.818 ms    0/   10 (0%)
[  3] 12.0-13.0 sec  12.9 KBytes   106 Kbits/sec   0.501 ms    0/    9 (0%)
[  3] 13.0-14.0 sec  12.9 KBytes   106 Kbits/sec   0.318 ms    0/    9 (0%)
[  3] 14.0-15.0 sec  14.4 KBytes   118 Kbits/sec   2.781 ms    0/   10 (0%)
[  3] 15.0-16.0 sec  12.9 KBytes   106 Kbits/sec   2.390 ms    0/    9 (0%)
[  3]  0.0-16.2 sec   215 KBytes   109 Kbits/sec   2.108 ms    0/  150 (0%)
