------------------------------------------------------------
Server listening on UDP port 7026
Receiving 1470 byte datagrams
UDP buffer size:  208 KByte (default)
------------------------------------------------------------
[  3] local 10.0.0.6 port 7026 connected with 10.0.0.2 port 36697
[ ID] Interval       Transfer     Bandwidth        Jitter   Lost/Total Datagrams
[  3]  0.0- 1.0 sec  12.9 KBytes   106 Kbits/sec   0.027 ms    0/    9 (0%)
[  3]  1.0- 2.0 sec  14.4 KBytes   118 Kbits/sec   0.036 ms    0/   10 (0%)
[  3]  2.0- 3.0 sec  14.4 KBytes   118 Kbits/sec   0.046 ms    0/   10 (0%)
[  3]  3.0- 4.0 sec  14.4 KBytes   118 Kbits/sec   0.042 ms    0/   10 (0%)
[  3]  4.0- 5.0 sec  12.9 KBytes   106 Kbits/sec   0.045 ms    0/    9 (0%)
[  3]  5.0- 6.0 sec  14.4 KBytes   118 Kbits/sec   0.050 ms    0/   10 (0%)
[  3]  6.0- 7.0 sec  14.4 KBytes   118 Kbits/sec   0.042 ms    0/   10 (0%)
[  3]  7.0- 8.0 sec  14.4 KBytes   118 Kbits/sec   0.033 ms    0/   10 (0%)
[  3]  8.0- 9.0 sec  14.4 KBytes   118 Kbits/sec   0.094 ms    0/   10 (0%)
[  3]  9.0-10.0 sec  12.9 KBytes   106 Kbits/sec   0.061 ms    0/    9 (0%)
[  3] 10.0-11.0 sec  14.4 KBytes   118 Kbits/sec   0.050 ms    0/   10 (0%)
[  3] 11.0-12.0 sec  14.4 KBytes   118 Kbits/sec   0.035 ms    0/   10 (0%)
[  3]  0.0-12.2 sec   171 KBytes   115 Kbits/sec   0.032 ms    0/  119 (0%)
