------------------------------------------------------------
Server listening on UDP port 7083
Receiving 1470 byte datagrams
UDP buffer size:  208 KByte (default)
------------------------------------------------------------
[  3] local 10.0.0.5 port 7083 connected with 10.0.0.3 port 40525
[ ID] Interval       Transfer     Bandwidth        Jitter   Lost/Total Datagrams
[  3]  0.0- 1.0 sec  20.1 KBytes   165 Kbits/sec   0.530 ms    0/   14 (0%)
[  3]  1.0- 2.0 sec  21.5 KBytes   176 Kbits/sec   0.280 ms    0/   15 (0%)
[  3]  2.0- 3.0 sec  21.5 KBytes   176 Kbits/sec   0.494 ms    0/   15 (0%)
[  3]  3.0- 4.0 sec  20.1 KBytes   165 Kbits/sec   1.672 ms    0/   14 (0%)
[  3]  4.0- 5.0 sec  21.5 KBytes   176 Kbits/sec   1.687 ms    0/   15 (0%)
[  3]  5.0- 6.0 sec  21.5 KBytes   176 Kbits/sec   3.013 ms    0/   15 (0%)
[  3]  6.0- 7.0 sec  21.5 KBytes   176 Kbits/sec   4.785 ms    0/   15 (0%)
[  3]  7.0- 8.0 sec  20.1 KBytes   165 Kbits/sec   6.067 ms    0/   14 (0%)
[  3]  8.0- 9.0 sec  21.5 KBytes   176 Kbits/sec   6.955 ms    0/   15 (0%)
[  3]  9.0-10.0 sec  21.5 KBytes   176 Kbits/sec   6.854 ms    0/   15 (0%)
[  3] 10.0-11.0 sec  20.1 KBytes   165 Kbits/sec   7.564 ms    0/   14 (0%)
[  3] 11.0-12.0 sec  21.5 KBytes   176 Kbits/sec  11.419 ms    0/   15 (0%)
[  3] 12.0-13.0 sec  18.7 KBytes   153 Kbits/sec  14.026 ms    0/   13 (0%)
[  3] 13.0-14.0 sec  18.7 KBytes   153 Kbits/sec  10.770 ms    0/   13 (0%)
[  3] 14.0-15.0 sec  18.7 KBytes   153 Kbits/sec  15.485 ms    0/   13 (0%)
[  3] 15.0-16.0 sec  15.8 KBytes   129 Kbits/sec  18.077 ms    0/   11 (0%)
[  3] 16.0-17.0 sec  18.7 KBytes   153 Kbits/sec  21.314 ms    0/   13 (0%)
[  3] 17.0-18.0 sec  17.2 KBytes   141 Kbits/sec  23.756 ms    0/   12 (0%)
[  3] 18.0-19.0 sec  17.2 KBytes   141 Kbits/sec  21.610 ms    0/   12 (0%)
[  3] 19.0-20.0 sec  15.8 KBytes   129 Kbits/sec  20.266 ms    0/   11 (0%)
[  3] 20.0-21.0 sec  15.8 KBytes   129 Kbits/sec  25.913 ms    0/   11 (0%)
[  3] 21.0-22.0 sec  12.9 KBytes   106 Kbits/sec  20.422 ms    4/   13 (31%)
[  3] 22.0-23.0 sec  12.9 KBytes   106 Kbits/sec  16.198 ms    6/   15 (40%)
[  3] 23.0-24.0 sec  15.8 KBytes   129 Kbits/sec  14.615 ms    4/   15 (27%)
[  3] 24.0-25.0 sec  18.7 KBytes   153 Kbits/sec  16.254 ms    3/   16 (19%)
[  3]  0.0-25.8 sec   484 KBytes   154 Kbits/sec  14.507 ms   18/  355 (5.1%)
