------------------------------------------------------------
Server listening on UDP port 7123
Receiving 1470 byte datagrams
UDP buffer size:  208 KByte (default)
------------------------------------------------------------
[  3] local 10.0.0.7 port 7123 connected with 10.0.0.1 port 44537
[ ID] Interval       Transfer     Bandwidth        Jitter   Lost/Total Datagrams
[  3]  0.0- 1.0 sec  4.31 KBytes  35.3 Kbits/sec   0.010 ms    0/    3 (0%)
[  3]  1.0- 2.0 sec  4.31 KBytes  35.3 Kbits/sec   0.653 ms    0/    3 (0%)
[  3]  2.0- 3.0 sec  4.31 KBytes  35.3 Kbits/sec   2.388 ms    0/    3 (0%)
[  3]  3.0- 4.0 sec  5.74 KBytes  47.0 Kbits/sec   5.856 ms    0/    4 (0%)
[  3]  4.0- 5.0 sec  4.31 KBytes  35.3 Kbits/sec   5.658 ms    0/    3 (0%)
[  3]  5.0- 6.0 sec  4.31 KBytes  35.3 Kbits/sec   4.666 ms    0/    3 (0%)
[  3]  6.0- 7.0 sec  4.31 KBytes  35.3 Kbits/sec   3.848 ms    0/    3 (0%)
[  3]  7.0- 8.0 sec  5.74 KBytes  47.0 Kbits/sec   2.987 ms    0/    4 (0%)
[  3]  8.0- 9.0 sec  4.31 KBytes  35.3 Kbits/sec   4.252 ms    0/    3 (0%)
[  3]  9.0-10.0 sec  4.31 KBytes  35.3 Kbits/sec   4.795 ms    0/    3 (0%)
[  3] 10.0-11.0 sec  4.31 KBytes  35.3 Kbits/sec   3.957 ms    0/    3 (0%)
[  3] 11.0-12.0 sec  5.74 KBytes  47.0 Kbits/sec   3.063 ms    0/    4 (0%)
[  3] 12.0-13.0 sec  4.31 KBytes  35.3 Kbits/sec   2.530 ms    0/    3 (0%)
[  3] 13.0-14.0 sec  4.31 KBytes  35.3 Kbits/sec   2.091 ms    0/    3 (0%)
[  3] 14.0-15.0 sec  4.31 KBytes  35.3 Kbits/sec   1.733 ms    0/    3 (0%)
[  3] 15.0-16.0 sec  4.31 KBytes  35.3 Kbits/sec   1.437 ms    0/    3 (0%)
[  3] 16.0-17.0 sec  5.74 KBytes  47.0 Kbits/sec   1.122 ms    0/    4 (0%)
[  3] 17.0-18.0 sec  4.31 KBytes  35.3 Kbits/sec   0.938 ms    0/    3 (0%)
[  3] 18.0-19.0 sec  4.31 KBytes  35.3 Kbits/sec   0.782 ms    0/    3 (0%)
[  3] 19.0-20.0 sec  4.31 KBytes  35.3 Kbits/sec   0.647 ms    0/    3 (0%)
[  3] 20.0-21.0 sec  4.31 KBytes  35.3 Kbits/sec   0.537 ms    0/    3 (0%)
[  3] 21.0-22.0 sec  5.74 KBytes  47.0 Kbits/sec   0.424 ms    0/    4 (0%)
[  3] 22.0-23.0 sec  4.31 KBytes  35.3 Kbits/sec   0.361 ms    0/    3 (0%)
[  3] 23.0-24.0 sec  4.31 KBytes  35.3 Kbits/sec   0.305 ms    0/    3 (0%)
[  3] 24.0-25.0 sec  5.74 KBytes  47.0 Kbits/sec   0.244 ms    0/    4 (0%)
[  3] 25.0-26.0 sec  4.31 KBytes  35.3 Kbits/sec   0.203 ms    0/    3 (0%)
[  3]  0.0-26.5 sec   123 KBytes  38.1 Kbits/sec   0.182 ms    0/   86 (0%)
