------------------------------------------------------------
Server listening on UDP port 7024
Receiving 1470 byte datagrams
UDP buffer size:  208 KByte (default)
------------------------------------------------------------
[  3] local 10.0.0.8 port 7024 connected with 10.0.0.4 port 60105
[ ID] Interval       Transfer     Bandwidth        Jitter   Lost/Total Datagrams
[  3]  0.0- 1.0 sec  18.7 KBytes   153 Kbits/sec   0.026 ms    0/   13 (0%)
[  3]  1.0- 2.0 sec  18.7 KBytes   153 Kbits/sec   0.026 ms    0/   13 (0%)
[  3]  2.0- 3.0 sec  20.1 KBytes   165 Kbits/sec   0.031 ms    0/   14 (0%)
[  3]  3.0- 4.0 sec  18.7 KBytes   153 Kbits/sec   0.044 ms    0/   13 (0%)
[  3]  4.0- 5.0 sec  20.1 KBytes   165 Kbits/sec   0.033 ms    0/   14 (0%)
[  3]  5.0- 6.0 sec  18.7 KBytes   153 Kbits/sec   0.031 ms    0/   13 (0%)
[  3]  6.0- 7.0 sec  20.1 KBytes   165 Kbits/sec   0.028 ms    0/   14 (0%)
[  3]  7.0- 8.0 sec  18.7 KBytes   153 Kbits/sec   0.029 ms    0/   13 (0%)
[  3]  8.0- 9.0 sec  20.1 KBytes   165 Kbits/sec   0.215 ms    0/   14 (0%)
[  3]  9.0-10.0 sec  18.7 KBytes   153 Kbits/sec   0.121 ms    0/   13 (0%)
[  3] 10.0-11.0 sec  18.7 KBytes   153 Kbits/sec   0.061 ms    0/   13 (0%)
[  3] 11.0-12.0 sec  20.1 KBytes   165 Kbits/sec   0.049 ms    0/   14 (0%)
[  3] 12.0-13.0 sec  18.7 KBytes   153 Kbits/sec   0.031 ms    0/   13 (0%)
[  3] 13.0-14.0 sec  20.1 KBytes   165 Kbits/sec   0.032 ms    0/   14 (0%)
[  3] 14.0-15.0 sec  18.7 KBytes   153 Kbits/sec   0.025 ms    0/   13 (0%)
[  3] 15.0-16.0 sec  20.1 KBytes   165 Kbits/sec   0.030 ms    0/   14 (0%)
[  3] 16.0-17.0 sec  18.7 KBytes   153 Kbits/sec   0.032 ms    0/   13 (0%)
[  3] 17.0-18.0 sec  18.7 KBytes   153 Kbits/sec   0.131 ms    0/   13 (0%)
[  3] 18.0-19.0 sec  20.1 KBytes   165 Kbits/sec   0.066 ms    0/   14 (0%)
[  3] 19.0-20.0 sec  18.7 KBytes   153 Kbits/sec   0.047 ms    0/   13 (0%)
[  3] 20.0-21.0 sec  20.1 KBytes   165 Kbits/sec   0.034 ms    0/   14 (0%)
[  3]  0.0-21.1 sec   408 KBytes   158 Kbits/sec   0.031 ms    0/  284 (0%)
