------------------------------------------------------------
Server listening on UDP port 7027
Receiving 1470 byte datagrams
UDP buffer size:  208 KByte (default)
------------------------------------------------------------
[  3] local 10.0.0.4 port 7027 connected with 10.0.0.5 port 38068
[ ID] Interval       Transfer     Bandwidth        Jitter   Lost/Total Datagrams
[  3]  0.0- 1.0 sec  31.6 KBytes   259 Kbits/sec   0.056 ms    0/   22 (0%)
[  3]  1.0- 2.0 sec  33.0 KBytes   270 Kbits/sec   0.036 ms    0/   23 (0%)
[  3]  2.0- 3.0 sec  31.6 KBytes   259 Kbits/sec   0.037 ms    0/   22 (0%)
[  3]  3.0- 4.0 sec  33.0 KBytes   270 Kbits/sec   0.025 ms    0/   23 (0%)
[  3]  4.0- 5.0 sec  31.6 KBytes   259 Kbits/sec   0.023 ms    0/   22 (0%)
[  3]  5.0- 6.0 sec  33.0 KBytes   270 Kbits/sec   0.025 ms    0/   23 (0%)
[  3]  6.0- 7.0 sec  31.6 KBytes   259 Kbits/sec   0.030 ms    0/   22 (0%)
[  3]  7.0- 8.0 sec  33.0 KBytes   270 Kbits/sec   0.034 ms    0/   23 (0%)
[  3]  8.0- 9.0 sec  31.6 KBytes   259 Kbits/sec   0.058 ms    0/   22 (0%)
[  3]  9.0-10.0 sec  33.0 KBytes   270 Kbits/sec   0.035 ms    0/   23 (0%)
[  3] 10.0-11.0 sec  33.0 KBytes   270 Kbits/sec   0.026 ms    0/   23 (0%)
[  3] 11.0-12.0 sec  31.6 KBytes   259 Kbits/sec   0.040 ms    0/   22 (0%)
[  3] 12.0-13.0 sec  33.0 KBytes   270 Kbits/sec   0.076 ms    0/   23 (0%)
[  3] 13.0-14.0 sec  31.6 KBytes   259 Kbits/sec   0.032 ms    0/   22 (0%)
[  3] 14.0-15.0 sec  33.0 KBytes   270 Kbits/sec   0.045 ms    0/   23 (0%)
[  3] 15.0-16.0 sec  31.6 KBytes   259 Kbits/sec   0.039 ms    0/   22 (0%)
[  3] 16.0-17.0 sec  33.0 KBytes   270 Kbits/sec   0.036 ms    0/   23 (0%)
[  3] 17.0-18.0 sec  31.6 KBytes   259 Kbits/sec   0.054 ms    0/   22 (0%)
[  3] 18.0-19.0 sec  33.0 KBytes   270 Kbits/sec   0.048 ms    0/   23 (0%)
[  3] 19.0-20.0 sec  31.6 KBytes   259 Kbits/sec   0.033 ms    0/   22 (0%)
[  3] 20.0-21.0 sec  33.0 KBytes   270 Kbits/sec   0.034 ms    0/   23 (0%)
[  3] 21.0-22.0 sec  31.6 KBytes   259 Kbits/sec   0.034 ms    0/   22 (0%)
[  3] 22.0-23.0 sec  33.0 KBytes   270 Kbits/sec   0.038 ms    0/   23 (0%)
[  3] 23.0-24.0 sec  31.6 KBytes   259 Kbits/sec   0.026 ms    0/   22 (0%)
[  3] 24.0-25.0 sec  33.0 KBytes   270 Kbits/sec   0.028 ms    0/   23 (0%)
[  3] 25.0-26.0 sec  33.0 KBytes   270 Kbits/sec   0.027 ms    0/   23 (0%)
[  3] 26.0-27.0 sec  31.6 KBytes   259 Kbits/sec   0.037 ms    0/   22 (0%)
[  3]  0.0-27.1 sec   876 KBytes   265 Kbits/sec   0.044 ms    0/  610 (0%)
