------------------------------------------------------------
Server listening on UDP port 7121
Receiving 1470 byte datagrams
UDP buffer size:  208 KByte (default)
------------------------------------------------------------
[  3] local 10.0.0.1 port 7121 connected with 10.0.0.5 port 42603
[ ID] Interval       Transfer     Bandwidth        Jitter   Lost/Total Datagrams
[  3]  0.0- 1.0 sec  2.87 KBytes  23.5 Kbits/sec   0.001 ms    0/    2 (0%)
[  3]  1.0- 2.0 sec  2.87 KBytes  23.5 Kbits/sec   0.011 ms    0/    2 (0%)
[  3]  2.0- 3.0 sec  4.31 KBytes  35.3 Kbits/sec   0.018 ms    0/    3 (0%)
[  3]  3.0- 4.0 sec  2.87 KBytes  23.5 Kbits/sec   0.027 ms    0/    2 (0%)
[  3]  4.0- 5.0 sec  2.87 KBytes  23.5 Kbits/sec   0.034 ms    0/    2 (0%)
[  3]  5.0- 6.0 sec  4.31 KBytes  35.3 Kbits/sec   0.037 ms    0/    3 (0%)
[  3]  6.0- 7.0 sec  2.87 KBytes  23.5 Kbits/sec   0.035 ms    0/    2 (0%)
[  3]  7.0- 8.0 sec  4.31 KBytes  35.3 Kbits/sec   1.040 ms    0/    3 (0%)
[  3]  8.0- 9.0 sec  2.87 KBytes  23.5 Kbits/sec   0.929 ms    0/    2 (0%)
[  3]  9.0-10.0 sec  2.87 KBytes  23.5 Kbits/sec   0.819 ms    0/    2 (0%)
[  3] 10.0-11.0 sec  4.31 KBytes  35.3 Kbits/sec   0.692 ms    0/    3 (0%)
[  3] 11.0-12.0 sec  2.87 KBytes  23.5 Kbits/sec   1.216 ms    0/    2 (0%)
[  3] 12.0-13.0 sec  2.87 KBytes  23.5 Kbits/sec   1.640 ms    0/    2 (0%)
[  3] 13.0-14.0 sec  4.31 KBytes  35.3 Kbits/sec   1.365 ms    0/    3 (0%)
[  3] 14.0-15.0 sec  2.87 KBytes  23.5 Kbits/sec   2.007 ms    0/    2 (0%)
[  3] 15.0-16.0 sec  4.31 KBytes  35.3 Kbits/sec   1.674 ms    0/    3 (0%)
[  3] 16.0-17.0 sec  2.87 KBytes  23.5 Kbits/sec   1.482 ms    0/    2 (0%)
[  3] 17.0-18.0 sec  2.87 KBytes  23.5 Kbits/sec   1.307 ms    0/    2 (0%)
[  3] 18.0-19.0 sec  4.31 KBytes  35.3 Kbits/sec   1.088 ms    0/    3 (0%)
[  3] 19.0-20.0 sec  2.87 KBytes  23.5 Kbits/sec   0.961 ms    0/    2 (0%)
[  3] 20.0-21.0 sec  4.31 KBytes  35.3 Kbits/sec   0.800 ms    0/    3 (0%)
[  3] 21.0-22.0 sec  2.87 KBytes  23.5 Kbits/sec   0.707 ms    0/    2 (0%)
[  3] 22.0-23.0 sec  2.87 KBytes  23.5 Kbits/sec   0.626 ms    0/    2 (0%)
[  3] 23.0-24.0 sec  4.31 KBytes  35.3 Kbits/sec   0.536 ms    0/    3 (0%)
[  3] 24.0-25.0 sec  2.87 KBytes  23.5 Kbits/sec   0.480 ms    0/    2 (0%)
[  3] 25.0-26.0 sec  2.87 KBytes  23.5 Kbits/sec   0.425 ms    0/    2 (0%)
[  3] 26.0-27.0 sec  4.31 KBytes  35.3 Kbits/sec   0.353 ms    0/    3 (0%)
[  3]  0.0-27.7 sec  94.7 KBytes  28.0 Kbits/sec   0.312 ms    0/   66 (0%)
