------------------------------------------------------------
Server listening on UDP port 7043
Receiving 1470 byte datagrams
UDP buffer size:  208 KByte (default)
------------------------------------------------------------
[  3] local 10.0.0.2 port 7043 connected with 10.0.0.7 port 43805
[ ID] Interval       Transfer     Bandwidth        Jitter   Lost/Total Datagrams
[  3]  0.0- 1.0 sec  4.31 KBytes  35.3 Kbits/sec   0.291 ms    0/    3 (0%)
[  3]  1.0- 2.0 sec  5.74 KBytes  47.0 Kbits/sec   0.751 ms    0/    4 (0%)
[  3]  2.0- 3.0 sec  5.74 KBytes  47.0 Kbits/sec   5.308 ms    0/    4 (0%)
[  3]  3.0- 4.0 sec  5.74 KBytes  47.0 Kbits/sec   5.330 ms    0/    4 (0%)
[  3]  4.0- 5.0 sec  5.74 KBytes  47.0 Kbits/sec   5.913 ms    0/    4 (0%)
[  3]  5.0- 6.0 sec  4.31 KBytes  35.3 Kbits/sec   5.618 ms    0/    3 (0%)
[  3]  6.0- 7.0 sec  5.74 KBytes  47.0 Kbits/sec   4.929 ms    0/    4 (0%)
[  3]  7.0- 8.0 sec  5.74 KBytes  47.0 Kbits/sec   5.777 ms    0/    4 (0%)
[  3]  8.0- 9.0 sec  5.74 KBytes  47.0 Kbits/sec   7.671 ms    0/    4 (0%)
[  3]  9.0-10.0 sec  5.74 KBytes  47.0 Kbits/sec  10.720 ms    0/    4 (0%)
[  3] 10.0-11.0 sec  4.31 KBytes  35.3 Kbits/sec  10.952 ms    0/    3 (0%)
[  3]  0.0-11.6 sec  63.2 KBytes  44.5 Kbits/sec  14.685 ms    0/   44 (0%)
ec  15.8 KBytes   129 Kbits/sec  12.100 ms    0/   11 (0%)
[  3] 12.0-13.0 sec  14.4 KBytes   118 Kbits/sec  13.558 ms    0/   10 (0%)
[  3] 13.0-14.0 sec  17.2 KBytes   141 Kbits/sec  15.490 ms    0/   12 (0%)
[  3] 14.0-15.0 sec  18.7 KBytes   153 Kbits/sec  12.816 ms    0/   13 (0%)
[  3] 15.0-16.0 sec  17.2 KBytes   141 Kbits/sec  10.632 ms    0/   12 (0%)
[  3] 16.0-17.0 sec  15.8 KBytes   129 Kbits/sec   8.044 ms    0/   11 (0%)
[  3] 17.0-18.0 sec  17.2 KBytes   141 Kbits/sec   6.361 ms    0/   12 (0%)
[  3]  0.0-18.3 sec   317 KBytes   142 Kbits/sec   5.670 ms    9/  221 (4.1%)
[  3]  0.0-18.3 sec  9 datagrams received out-of-order
