------------------------------------------------------------
Server listening on UDP port 7019
Receiving 1470 byte datagrams
UDP buffer size:  208 KByte (default)
------------------------------------------------------------
[  3] local 10.0.0.1 port 7019 connected with 10.0.0.8 port 39895
[ ID] Interval       Transfer     Bandwidth        Jitter   Lost/Total Datagrams
[  3]  0.0- 1.0 sec  5.74 KBytes  47.0 Kbits/sec   0.001 ms    0/    4 (0%)
[  3]  1.0- 2.0 sec  5.74 KBytes  47.0 Kbits/sec   0.001 ms    0/    4 (0%)
[  3]  2.0- 3.0 sec  5.74 KBytes  47.0 Kbits/sec   0.007 ms    0/    4 (0%)
[  3]  3.0- 4.0 sec  5.74 KBytes  47.0 Kbits/sec   0.009 ms    0/    4 (0%)
[  3]  4.0- 5.0 sec  5.74 KBytes  47.0 Kbits/sec   0.009 ms    0/    4 (0%)
[  3]  5.0- 6.0 sec  5.74 KBytes  47.0 Kbits/sec   0.015 ms    0/    4 (0%)
[  3]  6.0- 7.0 sec  5.74 KBytes  47.0 Kbits/sec   0.016 ms    0/    4 (0%)
[  3]  7.0- 8.0 sec  5.74 KBytes  47.0 Kbits/sec   0.027 ms    0/    4 (0%)
[  3]  8.0- 9.0 sec  5.74 KBytes  47.0 Kbits/sec   0.137 ms    0/    4 (0%)
[  3]  9.0-10.0 sec  5.74 KBytes  47.0 Kbits/sec   0.114 ms    0/    4 (0%)
[  3] 10.0-11.0 sec  5.74 KBytes  47.0 Kbits/sec   0.092 ms    0/    4 (0%)
[  3] 11.0-12.0 sec  5.74 KBytes  47.0 Kbits/sec   0.076 ms    0/    4 (0%)
[  3] 12.0-13.0 sec  7.18 KBytes  58.8 Kbits/sec   0.062 ms    0/    5 (0%)
[  3]  0.0-13.5 sec  79.0 KBytes  48.0 Kbits/sec   0.068 ms    0/   55 (0%)
