------------------------------------------------------------
Server listening on UDP port 7047
Receiving 1470 byte datagrams
UDP buffer size:  208 KByte (default)
------------------------------------------------------------
[  3] local 10.0.0.8 port 7047 connected with 10.0.0.3 port 59793
[ ID] Interval       Transfer     Bandwidth        Jitter   Lost/Total Datagrams
[  3]  0.0- 1.0 sec  27.3 KBytes   223 Kbits/sec   0.009 ms    0/   19 (0%)
[  3]  1.0- 2.0 sec  28.7 KBytes   235 Kbits/sec   0.018 ms    0/   20 (0%)
[  3]  2.0- 3.0 sec  27.3 KBytes   223 Kbits/sec   0.030 ms    0/   19 (0%)
[  3]  3.0- 4.0 sec  28.7 KBytes   235 Kbits/sec   0.038 ms    0/   20 (0%)
[  3]  4.0- 5.0 sec  28.7 KBytes   235 Kbits/sec   0.034 ms    0/   20 (0%)
[  3]  5.0- 6.0 sec  27.3 KBytes   223 Kbits/sec   0.024 ms    0/   19 (0%)
[  3]  6.0- 7.0 sec  28.7 KBytes   235 Kbits/sec   0.029 ms    0/   20 (0%)
[  3]  7.0- 8.0 sec  28.7 KBytes   235 Kbits/sec   0.038 ms    0/   20 (0%)
[  3]  8.0- 9.0 sec  27.3 KBytes   223 Kbits/sec   0.082 ms    0/   19 (0%)
[  3]  9.0-10.0 sec  28.7 KBytes   235 Kbits/sec   0.037 ms    0/   20 (0%)
[  3] 10.0-11.0 sec  28.7 KBytes   235 Kbits/sec   0.038 ms    0/   20 (0%)
[  3] 11.0-12.0 sec  27.3 KBytes   223 Kbits/sec   0.022 ms    0/   19 (0%)
[  3] 12.0-13.0 sec  28.7 KBytes   235 Kbits/sec   0.030 ms    0/   20 (0%)
[  3] 13.0-14.0 sec  28.7 KBytes   235 Kbits/sec   0.021 ms    0/   20 (0%)
[  3] 14.0-15.0 sec  27.3 KBytes   223 Kbits/sec   0.115 ms    0/   19 (0%)
[  3] 15.0-16.0 sec  28.7 KBytes   235 Kbits/sec   0.062 ms    0/   20 (0%)
[  3] 16.0-17.0 sec  27.3 KBytes   223 Kbits/sec   0.035 ms    0/   19 (0%)
[  3] 17.0-18.0 sec  28.7 KBytes   235 Kbits/sec   0.038 ms    0/   20 (0%)
[  3] 18.0-19.0 sec  28.7 KBytes   235 Kbits/sec   0.030 ms    0/   20 (0%)
[  3] 19.0-20.0 sec  27.3 KBytes   223 Kbits/sec   0.035 ms    0/   19 (0%)
[  3] 20.0-21.0 sec  28.7 KBytes   235 Kbits/sec   0.038 ms    0/   20 (0%)
[  3] 21.0-22.0 sec  28.7 KBytes   235 Kbits/sec   0.042 ms    0/   20 (0%)
[  3] 22.0-23.0 sec  27.3 KBytes   223 Kbits/sec   0.031 ms    0/   19 (0%)
[  3] 23.0-24.0 sec  28.7 KBytes   235 Kbits/sec   0.037 ms    0/   20 (0%)
[  3] 24.0-25.0 sec  28.7 KBytes   235 Kbits/sec   0.024 ms    0/   20 (0%)
[  3] 25.0-26.0 sec  27.3 KBytes   223 Kbits/sec   0.038 ms    0/   19 (0%)
[  3]  0.0-26.1 sec   735 KBytes   231 Kbits/sec   0.038 ms    0/  512 (0%)
